Removed Member From Class: ClassName=gd32foc Member=U?
Added Component: Designator=U1(MTC14_L)
Add component (AddParameter): Name = "Code_JEDEC"; Value = "MO-153-AB-1"; VariantName = "[No Variations]"
Add component (AddParameter): Name = "ComponentLink1Description"; Value = "LMV324 Datasheet"; VariantName = "[No Variations]"
Add component (AddParameter): Name = "ComponentLink1URL"; Value = "http://www.national.com/ds/LM/LMV324.pdf"; VariantName = "[No Variations]"
Add component (AddParameter): Name = "ComponentLink2Description"; Value = "LMV324 Web Page"; VariantName = "[No Variations]"
Add component (AddParameter): Name = "ComponentLink2URL"; Value = "http://www.national.com/pf/LM/LMV324.html"; VariantName = "[No Variations]"
Add component (AddParameter): Name = "ComponentLink3Description"; Value = "MTC14 Package Page"; VariantName = "[No Variations]"
Add component (AddParameter): Name = "ComponentLink3URL"; Value = "http://www.national.com/packaging/folders/mtc14.html"; VariantName = "[No Variations]"
Add component (AddParameter): Name = "CompType"; Value = "Amplifiers"; VariantName = "[No Variations]"
Add component (AddParameter): Name = "DatasheetVersion"; Value = "Sep-2009"; VariantName = "[No Variations]"
Add component (AddParameter): Name = "Manufacturer"; Value = "National Semiconductor"; VariantName = "[No Variations]"
Add component (AddParameter): Name = "PackageDescription"; Value = "Molded TSSOP, JEDEC, 5 x 4.4 x 0.9mm Body, 14 Lead, 0.65mm Pitch"; VariantName = "[No Variations]"
Add component (AddParameter): Name = "PackageReference"; Value = "MTC14"; VariantName = "[No Variations]"
Add component (AddParameter): Name = "PackageTopMarking"; Value = "NSUZXYTT*LMV324*MT"; VariantName = "[No Variations]"
Add component (AddParameter): Name = "PackageVersion"; Value = "revD, Jun-2003"; VariantName = "[No Variations]"
Add component (AddParameter): Name = "PinCount"; Value = "14"; VariantName = "[No Variations]"
Add component (AddParameter): Name = "PowerWise"; Value = "N"; VariantName = "[No Variations]"
Add component (AddParameter): Name = "RevisionNote"; Value = "Component URLs added"; VariantName = "[No Variations]"
Add component (AddParameter): Name = "RoHS"; Value = "N"; VariantName = "[No Variations]"
Added Component: Designator=U2(LQFP-48_L7.0-W7.0-P0.50-LS9.0-BL)
Add component (AddParameter): Name = "8Bit Timer"; Value = "-"; VariantName = "[No Variations]"
Add component (AddParameter): Name = "16Bit Timer"; Value = "13"; VariantName = "[No Variations]"
Add component (AddParameter): Name = "32Bit Timer"; Value = "-"; VariantName = "[No Variations]"
Add component (AddParameter): Name = "ADC (Bit)"; Value = "12bit"; VariantName = "[No Variations]"
Add component (AddParameter): Name = "Add into BOM"; Value = "yes"; VariantName = "[No Variations]"
Add component (AddParameter): Name = "CAN"; Value = "2"; VariantName = "[No Variations]"
Add component (AddParameter): Name = "CCP Capture/Compare"; Value = "-"; VariantName = "[No Variations]"
Add component (AddParameter): Name = "Channel ID"; Value = ""; VariantName = "[No Variations]"
Add component (AddParameter): Name = "communication protocol"; Value = "-"; VariantName = "[No Variations]"
Add component (AddParameter): Name = "Convert to PCB"; Value = "yes"; VariantName = "[No Variations]"
Add component (AddParameter): Name = "CPU Core"; Value = "ARM Cortex-M4"; VariantName = "[No Variations]"
Add component (AddParameter): Name = "CPU Maximum Speed"; Value = "120MHz"; VariantName = "[No Variations]"
Add component (AddParameter): Name = "DAC (Bit)"; Value = "12bit"; VariantName = "[No Variations]"
Add component (AddParameter): Name = "Datasheet"; Value = "https://atta.szlcsc.com/upload/public/pdf/source/20210825/C2885643_F7BB04929325AB1735698A5112B59DA1.pdf"; VariantName = "[No Variations]"
Add component (AddParameter): Name = "Device"; Value = "GD32C103CBT6"; VariantName = "[No Variations]"
Add component (AddParameter): Name = "Direct Memory Access"; Value = "-"; VariantName = "[No Variations]"
Add component (AddParameter): Name = "EEPROM"; Value = "-"; VariantName = "[No Variations]"
Add component (AddParameter): Name = "GPIO Ports Number"; Value = "37"; VariantName = "[No Variations]"
Add component (AddParameter): Name = "Group ID"; Value = ""; VariantName = "[No Variations]"
Add component (AddParameter): Name = "I2C"; Value = "2"; VariantName = "[No Variations]"
Add component (AddParameter): Name = "I2S"; Value = "2"; VariantName = "[No Variations]"
Add component (AddParameter): Name = "Infrared Data Association"; Value = "-"; VariantName = "[No Variations]"
Add component (AddParameter): Name = "Internal Comparator"; Value = "-"; VariantName = "[No Variations]"
Add component (AddParameter): Name = "Internal Oscillator"; Value = "有"; VariantName = "[No Variations]"
Add component (AddParameter): Name = "JLCPCB Part Class"; Value = "扩展库"; VariantName = "[No Variations]"
Add component (AddParameter): Name = "LCSC Part Name"; Value = "GD32C103CBT6 带CAN功能"; VariantName = "[No Variations]"
Add component (AddParameter): Name = "Low-Voltage Detect"; Value = "-"; VariantName = "[No Variations]"
Add component (AddParameter): Name = "Manufacturer"; Value = "GigaDevice(兆易创新)"; VariantName = "[No Variations]"
Add component (AddParameter): Name = "Manufacturer Part"; Value = "GD32C103CBT6"; VariantName = "[No Variations]"
Add component (AddParameter): Name = "Operating Temperature Range"; Value = "-"; VariantName = "[No Variations]"
Add component (AddParameter): Name = "Operating Voltage Range"; Value = "-"; VariantName = "[No Variations]"
Add component (AddParameter): Name = "Peripheral/Function"; Value = "看门狗；RTC实时时钟"; VariantName = "[No Variations]"
Add component (AddParameter): Name = "Program Memory Type"; Value = "FLASH"; VariantName = "[No Variations]"
Add component (AddParameter): Name = "Program Storage Size"; Value = "128KB"; VariantName = "[No Variations]"
Add component (AddParameter): Name = "PWM (Bit)"; Value = "-"; VariantName = "[No Variations]"
Add component (AddParameter): Name = "RAM Size"; Value = "32KB"; VariantName = "[No Variations]"
Add component (AddParameter): Name = "Real-Time Clock"; Value = "有"; VariantName = "[No Variations]"
Add component (AddParameter): Name = "Reuse Block"; Value = ""; VariantName = "[No Variations]"
Add component (AddParameter): Name = "Secure Digital Input and Output"; Value = "-"; VariantName = "[No Variations]"
Add component (AddParameter): Name = "SPI"; Value = "3"; VariantName = "[No Variations]"
Add component (AddParameter): Name = "Supplier"; Value = "LCSC"; VariantName = "[No Variations]"
Add component (AddParameter): Name = "Supplier Footprint"; Value = "LQFP-48(7x7)"; VariantName = "[No Variations]"
Add component (AddParameter): Name = "Supplier Part"; Value = "C2885643"; VariantName = "[No Variations]"
Add component (AddParameter): Name = "Symbol"; Value = "GD32C103CBT6"; VariantName = "[No Variations]"
Add component (AddParameter): Name = "UART/USART"; Value = "3"; VariantName = "[No Variations]"
Add component (AddParameter): Name = "Universal Serial Bus"; Value = "有"; VariantName = "[No Variations]"
Add component (AddParameter): Name = "Watchdog"; Value = "有"; VariantName = "[No Variations]"
Added Member To Class: ClassName=gd32foc Member=Component U1 LMV324MT
Added Member To Class: ClassName=gd32foc Member=Component U2 GD32C103CBT6
Added Room: Name=gd32foc
